<?xml version="1.0" encoding="UTF-8"?>
<testsuite xmlns:xsi="http://www.w3.org/2001/XMLSchema-instance" xsi:noNamespaceSchemaLocation="https://maven.apache.org/surefire/maven-surefire-plugin/xsd/surefire-test-report.xsd" name="mojmir.tryouts.MojmirIMDBTest" time="19.998" tests="2" errors="0" skipped="0" failures="0">
  <properties>
[...]
</properties>
  <testcase name="googlingMojmirOnIMDBWithDiacriticsShouldNotFind" classname="mojmir.tryouts.MojmirIMDBTest" time="10.564"/>
  <testcase name="googlingMojmirOnIMDBNoDiacritics" classname="mojmir.tryouts.MojmirIMDBTest" time="9.383"/>
</testsuite>